android/app/build/intermediates/manifest_merge_blame_file/release/manifest-merger-blame-release-report.txt
1<?xml version="1.0" encoding="utf-8"?>
2<manifest xmlns:android="http://schemas.android.com/apk/res/android"
3    package="com.digcontrax"
4    android:versionCode="1"
5    android:versionName="1.0" >
6
7    <uses-sdk
8        android:minSdkVersion="21"
8-->src/main/AndroidManifest.xml
9        android:targetSdkVersion="31" />
9-->src/main/AndroidManifest.xml
10
11    <uses-permission android:name="android.permission.INTERNET" />
11-->src/main/AndroidManifest.xml:4:5-67
11-->src/main/AndroidManifest.xml:4:22-64
12    <uses-permission android:name="android.permission.ACCESS_FINE_LOCATION" />
12-->src/main/AndroidManifest.xml:5:5-79
12-->src/main/AndroidManifest.xml:5:22-76
13    <uses-permission android:name="android.permission.CAMERA" />
13-->src/main/AndroidManifest.xml:6:5-65
13-->src/main/AndroidManifest.xml:6:22-62
14    <uses-permission android:name="android.permission.WRITE_EXTERNAL_STORAGE" />
14-->src/main/AndroidManifest.xml:7:5-80
14-->src/main/AndroidManifest.xml:7:22-78
15    <uses-permission android:name="android.permission.READ_EXTERNAL_STORAGE" />
15-->src/main/AndroidManifest.xml:8:5-79
15-->src/main/AndroidManifest.xml:8:22-77
16
17    <queries>
17-->[:react-native-image-crop-picker] AndroidManifest.xml:9:5-13:15
18        <intent>
18-->[:react-native-image-crop-picker] AndroidManifest.xml:10:9-12:18
19            <action android:name="android.media.action.IMAGE_CAPTURE" />
19-->[:react-native-image-crop-picker] AndroidManifest.xml:11:13-73
19-->[:react-native-image-crop-picker] AndroidManifest.xml:11:21-70
20        </intent>
21    </queries>
22
23    <uses-permission android:name="android.permission.ACCESS_COARSE_LOCATION" /> <!-- Required to access Google Play Licensing -->
23-->[:react-native-maps] AndroidManifest.xml:10:5-81
23-->[:react-native-maps] AndroidManifest.xml:10:22-78
24    <uses-permission android:name="com.android.vending.CHECK_LICENSE" />
24-->[:rn-fetch-blob] AndroidManifest.xml:10:5-73
24-->[:rn-fetch-blob] AndroidManifest.xml:10:22-70
25    <!--
26         Required to keep CPU alive while downloading files
27        (NOT to keep screen awake)
28    -->
29    <uses-permission android:name="android.permission.WAKE_LOCK" />
29-->[:rn-fetch-blob] AndroidManifest.xml:19:5-68
29-->[:rn-fetch-blob] AndroidManifest.xml:19:22-65
30    <!--
31         Required to poll the state of the network connection
32        and respond to changes
33    -->
34    <uses-permission android:name="android.permission.ACCESS_NETWORK_STATE" /> <!-- Required to check whether Wi-Fi is enabled -->
34-->[:rn-fetch-blob] AndroidManifest.xml:25:5-79
34-->[:rn-fetch-blob] AndroidManifest.xml:25:22-76
35    <uses-permission android:name="android.permission.ACCESS_WIFI_STATE" />
35-->[:rn-fetch-blob] AndroidManifest.xml:28:5-76
35-->[:rn-fetch-blob] AndroidManifest.xml:28:22-73
36
37    <uses-feature
37-->[com.google.android.gms:play-services-maps:17.0.0] AndroidManifest.xml:26:5-28:35
38        android:glEsVersion="0x00020000"
38-->[com.google.android.gms:play-services-maps:17.0.0] AndroidManifest.xml:27:9-41
39        android:required="true" />
39-->[com.google.android.gms:play-services-maps:17.0.0] AndroidManifest.xml:28:9-32
40
41    <application
41-->src/main/AndroidManifest.xml:9:5-34:19
42        android:name="com.digcontrax.MainApplication"
42-->src/main/AndroidManifest.xml:10:7-38
43        android:allowBackup="false"
43-->src/main/AndroidManifest.xml:14:7-34
44        android:appComponentFactory="androidx.core.app.CoreComponentFactory"
44-->[androidx.core:core:1.6.0] AndroidManifest.xml:24:18-86
45        android:icon="@mipmap/ic_launcher"
45-->src/main/AndroidManifest.xml:12:7-41
46        android:label="@string/app_name"
46-->src/main/AndroidManifest.xml:11:7-39
47        android:roundIcon="@mipmap/ic_launcher_round"
47-->src/main/AndroidManifest.xml:13:7-52
48        android:theme="@style/AppTheme" >
48-->src/main/AndroidManifest.xml:15:7-38
49        <activity
49-->src/main/AndroidManifest.xml:16:7-27:18
50            android:name="com.digcontrax.MainActivity"
50-->src/main/AndroidManifest.xml:17:9-37
51            android:configChanges="keyboard|keyboardHidden|orientation|screenLayout|screenSize|smallestScreenSize|uiMode"
51-->src/main/AndroidManifest.xml:19:9-118
52            android:exported="true"
52-->src/main/AndroidManifest.xml:22:9-32
53            android:label="@string/app_name"
53-->src/main/AndroidManifest.xml:18:9-41
54            android:launchMode="singleTask"
54-->src/main/AndroidManifest.xml:20:9-40
55            android:windowSoftInputMode="adjustResize" >
55-->src/main/AndroidManifest.xml:21:9-51
56            <intent-filter>
56-->src/main/AndroidManifest.xml:23:9-26:25
57                <action android:name="android.intent.action.MAIN" />
57-->src/main/AndroidManifest.xml:24:13-65
57-->src/main/AndroidManifest.xml:24:21-62
58
59                <category android:name="android.intent.category.LAUNCHER" />
59-->src/main/AndroidManifest.xml:25:13-73
59-->src/main/AndroidManifest.xml:25:23-70
60            </intent-filter>
61        </activity>
62        <activity android:name="com.facebook.react.devsupport.DevSettingsActivity" />
62-->src/main/AndroidManifest.xml:28:7-84
62-->src/main/AndroidManifest.xml:28:17-81
63        <!-- Create API KEY from account support@digcontrax.com for future reference -->
64        <meta-data
64-->src/main/AndroidManifest.xml:30:7-31:111
65            android:name="com.google.android.geo.API_KEY"
65-->src/main/AndroidManifest.xml:31:8-53
66            android:value="AIzaSyBjeYjFw1_Qn7zp9AeeeBLhIQzMx9Z3zyk" />
66-->src/main/AndroidManifest.xml:31:54-109
67
68        <uses-library
68-->src/main/AndroidManifest.xml:33:8-86
69            android:name="org.apache.http.legacy"
69-->src/main/AndroidManifest.xml:33:22-59
70            android:required="false" />
70-->src/main/AndroidManifest.xml:33:60-84
71
72        <provider
72-->[:react-native-image-crop-picker] AndroidManifest.xml:18:9-26:20
73            android:name="androidx.core.content.FileProvider"
73-->[:react-native-image-crop-picker] AndroidManifest.xml:19:13-62
74            android:authorities="com.digcontrax.provider"
74-->[:react-native-image-crop-picker] AndroidManifest.xml:20:13-60
75            android:exported="false"
75-->[:react-native-image-crop-picker] AndroidManifest.xml:21:13-37
76            android:grantUriPermissions="true" >
76-->[:react-native-image-crop-picker] AndroidManifest.xml:22:13-47
77            <meta-data
77-->[:react-native-image-crop-picker] AndroidManifest.xml:23:13-25:58
78                android:name="android.support.FILE_PROVIDER_PATHS"
78-->[:react-native-image-crop-picker] AndroidManifest.xml:24:17-67
79                android:resource="@xml/provider_paths" />
79-->[:react-native-image-crop-picker] AndroidManifest.xml:25:17-55
80        </provider>
81
82        <activity
82-->[:react-native-image-crop-picker] AndroidManifest.xml:28:9-30:72
83            android:name="com.yalantis.ucrop.UCropActivity"
83-->[:react-native-image-crop-picker] AndroidManifest.xml:29:13-60
84            android:theme="@style/Theme.AppCompat.Light.NoActionBar" />
84-->[:react-native-image-crop-picker] AndroidManifest.xml:30:13-69
85
86        <provider
86-->[:react-native-image-picker] AndroidManifest.xml:10:9-18:20
87            android:name="com.imagepicker.ImagePickerProvider"
87-->[:react-native-image-picker] AndroidManifest.xml:11:13-63
88            android:authorities="com.digcontrax.imagepickerprovider"
88-->[:react-native-image-picker] AndroidManifest.xml:12:13-71
89            android:exported="false"
89-->[:react-native-image-picker] AndroidManifest.xml:13:13-37
90            android:grantUriPermissions="true" >
90-->[:react-native-image-picker] AndroidManifest.xml:14:13-47
91            <meta-data
91-->[:react-native-image-crop-picker] AndroidManifest.xml:23:13-25:58
92                android:name="android.support.FILE_PROVIDER_PATHS"
92-->[:react-native-image-crop-picker] AndroidManifest.xml:24:17-67
93                android:resource="@xml/imagepicker_provider_paths" />
93-->[:react-native-image-crop-picker] AndroidManifest.xml:25:17-55
94        </provider>
95        <provider
95-->[:react-native-webview] AndroidManifest.xml:10:9-18:20
96            android:name="com.reactnativecommunity.webview.RNCWebViewFileProvider"
96-->[:react-native-webview] AndroidManifest.xml:11:13-83
97            android:authorities="com.digcontrax.fileprovider"
97-->[:react-native-webview] AndroidManifest.xml:12:13-64
98            android:exported="false"
98-->[:react-native-webview] AndroidManifest.xml:13:13-37
99            android:grantUriPermissions="true" >
99-->[:react-native-webview] AndroidManifest.xml:14:13-47
100            <meta-data
100-->[:react-native-image-crop-picker] AndroidManifest.xml:23:13-25:58
101                android:name="android.support.FILE_PROVIDER_PATHS"
101-->[:react-native-image-crop-picker] AndroidManifest.xml:24:17-67
102                android:resource="@xml/file_provider_paths" />
102-->[:react-native-image-crop-picker] AndroidManifest.xml:25:17-55
103        </provider>
104        <provider
104-->[:rn-fetch-blob] AndroidManifest.xml:34:9-42:20
105            android:name="com.RNFetchBlob.Utils.FileProvider"
105-->[:rn-fetch-blob] AndroidManifest.xml:35:13-62
106            android:authorities="com.digcontrax.provider"
106-->[:rn-fetch-blob] AndroidManifest.xml:36:13-60
107            android:exported="false"
107-->[:rn-fetch-blob] AndroidManifest.xml:37:13-37
108            android:grantUriPermissions="true" >
108-->[:rn-fetch-blob] AndroidManifest.xml:38:13-47
109            <meta-data
109-->[:react-native-image-crop-picker] AndroidManifest.xml:23:13-25:58
110                android:name="android.support.FILE_PROVIDER_PATHS"
110-->[:react-native-image-crop-picker] AndroidManifest.xml:24:17-67
111                android:resource="@xml/provider_paths" />
111-->[:react-native-image-crop-picker] AndroidManifest.xml:25:17-55
112        </provider>
113
114        <meta-data
114-->[com.github.bumptech.glide:okhttp3-integration:4.12.0] AndroidManifest.xml:11:9-13:43
115            android:name="com.bumptech.glide.integration.okhttp3.OkHttpGlideModule"
115-->[com.github.bumptech.glide:okhttp3-integration:4.12.0] AndroidManifest.xml:12:13-84
116            android:value="GlideModule" />
116-->[com.github.bumptech.glide:okhttp3-integration:4.12.0] AndroidManifest.xml:13:13-40
117
118        <activity
118-->[com.google.android.gms:play-services-base:17.0.0] AndroidManifest.xml:23:9-26:75
119            android:name="com.google.android.gms.common.api.GoogleApiActivity"
119-->[com.google.android.gms:play-services-base:17.0.0] AndroidManifest.xml:24:13-79
120            android:exported="false"
120-->[com.google.android.gms:play-services-base:17.0.0] AndroidManifest.xml:25:13-37
121            android:theme="@android:style/Theme.Translucent.NoTitleBar" />
121-->[com.google.android.gms:play-services-base:17.0.0] AndroidManifest.xml:26:13-72
122
123        <meta-data
123-->[com.google.android.gms:play-services-basement:17.0.0] AndroidManifest.xml:23:9-25:69
124            android:name="com.google.android.gms.version"
124-->[com.google.android.gms:play-services-basement:17.0.0] AndroidManifest.xml:24:13-58
125            android:value="@integer/google_play_services_version" />
125-->[com.google.android.gms:play-services-basement:17.0.0] AndroidManifest.xml:25:13-66
126    </application>
127
128</manifest>